<?xml version="1.0" encoding="utf-8"?><testsuites name="pytest tests"><testsuite name="pytest" errors="0" failures="0" skipped="0" tests="26" time="3.083" timestamp="2026-03-11T06:49:32.704736+00:00" hostname="agent-env-4ea4053d-c50d-4316-86c4-cffbd7194060"><testcase classname="backend.tests.test_honasa_api.TestHealthCheck" name="test_api_root_returns_correct_message" time="0.154" /><testcase classname="backend.tests.test_honasa_api.TestAuthenticationFlow" name="test_auth_me_without_token_returns_401" time="0.105" /><testcase classname="backend.tests.test_honasa_api.TestAuthenticationFlow" name="test_auth_me_with_invalid_token_returns_401" time="0.107" /><testcase classname="backend.tests.test_honasa_api.TestAuthenticationFlow" name="test_auth_me_with_valid_token" time="0.106" /><testcase classname="backend.tests.test_honasa_api.TestAgentsEndpoints" name="test_get_agents_without_auth_returns_401" time="0.109" /><testcase classname="backend.tests.test_honasa_api.TestAgentsEndpoints" name="test_get_agents_with_auth" time="0.102" /><testcase classname="backend.tests.test_honasa_api.TestAgentsEndpoints" name="test_get_agent_by_id" time="0.154" /><testcase classname="backend.tests.test_honasa_api.TestAgentsEndpoints" name="test_get_nonexistent_agent_returns_404" time="0.100" /><testcase classname="backend.tests.test_honasa_api.TestQueueStatus" name="test_queue_status_without_auth_returns_401" time="0.100" /><testcase classname="backend.tests.test_honasa_api.TestQueueStatus" name="test_queue_status_with_auth" time="0.112" /><testcase classname="backend.tests.test_honasa_api.TestJobsEndpoints" name="test_get_jobs_without_auth_returns_401" time="0.102" /><testcase classname="backend.tests.test_honasa_api.TestJobsEndpoints" name="test_get_jobs_with_auth" time="0.099" /><testcase classname="backend.tests.test_honasa_api.TestJobsEndpoints" name="test_get_nonexistent_job_returns_404" time="0.099" /><testcase classname="backend.tests.test_honasa_api.TestDownloadEndpoint" name="test_download_without_auth_returns_401" time="0.122" /><testcase classname="backend.tests.test_honasa_api.TestDownloadEndpoint" name="test_download_nonexistent_job_returns_404" time="0.100" /><testcase classname="backend.tests.test_honasa_api.TestDownloadEndpoint" name="test_download_with_query_token" time="0.112" /><testcase classname="backend.tests.test_honasa_api.TestAdminEndpoints" name="test_admin_users_without_auth_returns_401" time="0.094" /><testcase classname="backend.tests.test_honasa_api.TestAdminEndpoints" name="test_admin_agents_without_auth_returns_401" time="0.100" /><testcase classname="backend.tests.test_honasa_api.TestAdminEndpoints" name="test_admin_users_with_admin_role" time="0.105" /><testcase classname="backend.tests.test_honasa_api.TestAdminEndpoints" name="test_admin_agents_with_admin_role" time="0.123" /><testcase classname="backend.tests.test_honasa_api.TestFileUploadAndExecution" name="test_upload_without_auth_returns_401" time="0.104" /><testcase classname="backend.tests.test_honasa_api.TestFileUploadAndExecution" name="test_upload_to_nonexistent_agent_returns_404" time="0.111" /><testcase classname="backend.tests.test_honasa_api.TestFileUploadAndExecution" name="test_execute_without_auth_returns_401" time="0.114" /><testcase classname="backend.tests.test_honasa_api.TestSettingsPageRemoval" name="test_settings_api_does_not_exist" time="0.094" /><testcase classname="backend.tests.test_honasa_api.TestSeedData" name="test_seed_agents_endpoint" time="0.096" /><testcase classname="backend.tests.test_honasa_api.TestFullUploadExecuteFlow" name="test_upload_files_to_agent" time="0.267" /></testsuite></testsuites>